<?xml version="1.0" encoding="UTF-8"?>
<testng-results skipped="0" failed="0" ignored="0" total="1" passed="1">
  <reporter-output>
  </reporter-output>
  <suite name="Suite" duration-ms="96" started-at="2018-05-16T18:46:34Z" finished-at="2018-05-16T18:46:34Z">
    <groups>
    </groups>
    <test name="Test" duration-ms="96" started-at="2018-05-16T18:46:34Z" finished-at="2018-05-16T18:46:34Z">
      <class name="com.selfpractice.HelloWorld1">
        <test-method status="PASS" signature="message()[pri:0, instance:com.selfpractice.HelloWorld1@44c8afef]" name="message" duration-ms="31" started-at="2018-05-16T18:46:34Z" finished-at="2018-05-16T18:46:34Z">
          <reporter-output>
          </reporter-output>
        </test-method> <!-- message -->
      </class> <!-- com.selfpractice.HelloWorld1 -->
    </test> <!-- Test -->
  </suite> <!-- Suite -->
</testng-results>
